-------------------------------------------------------------------------------
Test set: cn.meijunjie.spider.test.dao.TestGoodsInfoDao
-------------------------------------------------------------------------------
Tests run: 2, Failures: 1, Errors: 0, Skipped: 1, Time elapsed: 0.369 sec <<< FAILURE!
beforeTest(cn.meijunjie.spider.test.dao.TestGoodsInfoDao)  Time elapsed: 0.299 sec  <<< FAILURE!
org.apache.ibatis.exceptions.PersistenceException: 
### Error building SqlSession.
### The error may exist in SQL Mapper Configuration
### Cause: org.apache.ibatis.builder.BuilderException: Error parsing SQL Mapper Configuration. Cause: java.io.IOException: Could not find resource classpath:mybatis/mybatis-config.xml
	at org.apache.ibatis.exceptions.ExceptionFactory.wrapException(ExceptionFactory.java:30)
	at org.apache.ibatis.session.SqlSessionFactoryBuilder.build(SqlSessionFactoryBuilder.java:80)
	at org.apache.ibatis.session.SqlSessionFactoryBuilder.build(SqlSessionFactoryBuilder.java:64)
	at cn.meijunjie.spider.test.dao.TestGoodsInfoDao.beforeTest(TestGoodsInfoDao.java:26)
Caused by: org.apache.ibatis.builder.BuilderException: Error parsing SQL Mapper Configuration. Cause: java.io.IOException: Could not find resource classpath:mybatis/mybatis-config.xml
	at org.apache.ibatis.builder.xml.XMLConfigBuilder.parseConfiguration(XMLConfigBuilder.java:120)
	at org.apache.ibatis.builder.xml.XMLConfigBuilder.parse(XMLConfigBuilder.java:98)
	at org.apache.ibatis.session.SqlSessionFactoryBuilder.build(SqlSessionFactoryBuilder.java:78)
	... 33 more
Caused by: java.io.IOException: Could not find resource classpath:mybatis/mybatis-config.xml
	at org.apache.ibatis.io.Resources.getResourceAsStream(Resources.java:114)
	at org.apache.ibatis.io.Resources.getResourceAsStream(Resources.java:100)
	at org.apache.ibatis.io.Resources.getResourceAsProperties(Resources.java:128)
	at org.apache.ibatis.builder.xml.XMLConfigBuilder.propertiesElement(XMLConfigBuilder.java:224)
	at org.apache.ibatis.builder.xml.XMLConfigBuilder.parseConfiguration(XMLConfigBuilder.java:105)
	... 35 more

